[nerdlab.be/mutation/index.html]
[backblue.gif]
[fade.gif]
[index.html]
[nerdlab.be/data/images/_1200x630_crop_center-center_none/facebook-og-twitter-card_190606_170319.jpg]
[nerdlab.be/data/images/_1200x600_crop_center-center_none/facebook-og-twitter-card_190606_170319.jpg]
[nerdlab.be/build/mutation-e7d749258f.min.css]
[nerdlab.be/mutation/favicon.ico]
[nerdlab.be/mutation/favicon.png]
[nerdlab.be/mutation/apple-touch-icon-precomposed.png]
[nerdlab.be/mutation/nieuws.html]
[nerdlab.be/mutation/programma.html]
[nerdlab.be/data/images/_100xAUTO_crop_center-center_90_none/mutation-square.jpg]
[nerdlab.be/data/images/_900xAUTO_crop_center-center_90_none/mutation-square.jpg]
[nerdlab.be/mutation/nieuws/praktisch.html]
[nerdlab.be/data/images/_100xAUTO_crop_center-center_90_none/107_191119_202649.jpg]
[nerdlab.be/data/images/_900xAUTO_crop_center-center_90_none/107_191119_202649.jpg]
[nerdlab.be/mutation/nieuws/gratis-feest-en-expo.html]
[nerdlab.be/mutation/index.html]
[nerdlab.be/build/scripts-265a2f0c5c.min.js]
[nerdlab.be/build/mutation-e7d749258f.min.css]
[www.googletagmanager.com/gtm5445.html]
[nerdlab.be/data/images/_1200x630_crop_center-center_none/IMG_6669_druk-c-Michiel-Devijver.jpg]
[nerdlab.be/data/images/_1200x600_crop_center-center_none/IMG_6669_druk-c-Michiel-Devijver.jpg]
[nerdlab.be/mutation/mutation/nieuws]
[nerdlab.be/data/images/_100xAUTO_crop_center-center_90_none/digitaal-aanbod.jpg]
[nerdlab.be/data/images/_900xAUTO_crop_center-center_90_none/digitaal-aanbod.jpg]
[nerdlab.be/mutation/nieuws/digitaal-aanbod.html]
[nerdlab.be/data/images/_100xAUTO_crop_center-center_90_none/36331892_10156491083272552_6178678581237907456_o.jpg]
[nerdlab.be/data/images/_900xAUTO_crop_center-center_90_none/36331892_10156491083272552_6178678581237907456_o.jpg]
[nerdlab.be/mutation/nieuws/talk-tim-verheyden.html]
[nerdlab.be/data/images/_100xAUTO_crop_center-center_90_none/17312/pr-013.jpg]
[nerdlab.be/data/images/_900xAUTO_crop_center-center_90_none/17312/pr-013.jpg]
[nerdlab.be/mutation/nieuws/glimps-nl.html]
[nerdlab.be/data/images/_100xAUTO_crop_center-center_90_none/De-presentatie-van-een-foto-of-het-apparaat-2-2018-1-1170x785.jpg]
[nerdlab.be/data/images/_900xAUTO_crop_center-center_90_none/De-presentatie-van-een-foto-of-het-apparaat-2-2018-1-1170x785.jpg]
[nerdlab.be/mutation/nieuws/stadsexpo-nl.html]
[nerdlab.be/data/images/_100xAUTO_crop_center-center_90_none/EinsteinVR169.jpg]
[nerdlab.be/data/images/_900xAUTO_crop_center-center_90_none/EinsteinVR169.jpg]
[nerdlab.be/mutation/nieuws/boottrip-captain-einstein-nl.html]
[nerdlab.be/data/images/_100xAUTO_crop_center-center_90_none/20160424_AV_drukkerij_EGD-8.jpg]
[nerdlab.be/data/images/_900xAUTO_crop_center-center_90_none/20160424_AV_drukkerij_EGD-8.jpg]
[nerdlab.be/mutation/nieuws/letterpress-nl.html]
[nerdlab.be/data/images/_100xAUTO_crop_center-center_90_none/wearable-face-projector.png]
[nerdlab.be/data/images/_900xAUTO_crop_center-center_90_none/wearable-face-projector.png]
[nerdlab.be/mutation/nieuws/wearable-nl.html]
[nerdlab.be/data/images/_100xAUTO_crop_center-center_90_none/20190531_094706.jpg]
[nerdlab.be/data/images/_900xAUTO_crop_center-center_90_none/20190531_094706.jpg]
[nerdlab.be/mutation/nieuws/vr-in-de-cultuur.html]
[nerdlab.be/data/images/_100xAUTO_crop_center-center_90_none/13206/Medialab-Muntpunt-Sessie-1.jpg]
[nerdlab.be/data/images/_900xAUTO_crop_center-center_90_none/13206/Medialab-Muntpunt-Sessie-1.jpg]
[nerdlab.be/mutation/nieuws/inspiratiesessie-nieuwe-maakplekken-nl.html]
[nerdlab.be/data/images/_100xAUTO_crop_center-center_90_none/download.jpg]
[nerdlab.be/data/images/_900xAUTO_crop_center-center_90_none/download.jpg]
[nerdlab.be/mutation/nieuws/talk-educatie-participatie-nerdlab-nl.html]
[nerdlab.be/data/images/_100xAUTO_crop_center-center_90_none/74534099_432148861046473_4632940604689481728_n.png]
[nerdlab.be/data/images/_900xAUTO_crop_center-center_90_none/74534099_432148861046473_4632940604689481728_n.png]
[nerdlab.be/mutation/nieuws/wie-wat-waar-nl.html]
[nerdlab.be/data/images/_100xAUTO_crop_center-center_90_none/Hacktivate-the-City-Gluon-Sessie-3.jpg]
[nerdlab.be/data/images/_900xAUTO_crop_center-center_90_none/Hacktivate-the-City-Gluon-Sessie-3.jpg]
[nerdlab.be/mutation/nieuws/talk-co-creatie-en-activisme-talk-nl.html]
[nerdlab.be/data/images/_100xAUTO_crop_center-center_90_none/Elias-Heuninck-portrait.jpg]
[nerdlab.be/data/images/_900xAUTO_crop_center-center_90_none/Elias-Heuninck-portrait.jpg]
[nerdlab.be/mutation/nieuws/tools-for-things-and-ideas.html]
[nerdlab.be/data/images/_100xAUTO_crop_center-center_90_none/PYRAMIDE.jpg]
[nerdlab.be/data/images/_900xAUTO_crop_center-center_90_none/PYRAMIDE.jpg]
[nerdlab.be/mutation/nieuws/spaced-nl.html]
[nerdlab.be/data/images/_100xAUTO_crop_center-center_90_none/playField-c-Michiel-Devijver.jpg]
[nerdlab.be/data/images/_900xAUTO_crop_center-center_90_none/playField-c-Michiel-Devijver.jpg]
[nerdlab.be/mutation/nieuws/playfield-nl.html]
[nerdlab.be/data/images/_100xAUTO_crop_center-center_90_none/WorkshopValeryVermeulen_Pic01.jpg]
[nerdlab.be/data/images/_900xAUTO_crop_center-center_90_none/WorkshopValeryVermeulen_Pic01.jpg]
[nerdlab.be/mutation/nieuws/workshop-deep-space-nl.html]
[nerdlab.be/data/images/_100xAUTO_crop_center-center_90_none/SannedeMuelenaere_JasnaRok-start.jpg]
[nerdlab.be/data/images/_900xAUTO_crop_center-center_90_none/SannedeMuelenaere_JasnaRok-start.jpg]
[nerdlab.be/mutation/nieuws/jasna-rok-nl.html]
[nerdlab.be/data/images/_100xAUTO_crop_center-center_90_none/promoSquare.jpg]
[nerdlab.be/data/images/_900xAUTO_crop_center-center_90_none/promoSquare.jpg]
[nerdlab.be/mutation/nieuws/talk-young-talent-seks-mag.html]
[nerdlab.be/data/images/_100xAUTO_crop_center-center_90_none/our-space.jpg]
[nerdlab.be/data/images/_900xAUTO_crop_center-center_90_none/our-space.jpg]
[nerdlab.be/mutation/nieuws/polymorf.html]
[nerdlab.be/data/images/_100xAUTO_crop_center-center_90_none/ThHH11_Dries_12.jpg]
[nerdlab.be/data/images/_900xAUTO_crop_center-center_90_none/ThHH11_Dries_12.jpg]
[nerdlab.be/mutation/nieuws/tweede-spreker-dries-depoorter.html]
[nerdlab.be/data/images/_100xAUTO_crop_center-center_90_none/10205/IMG_0463.jpg]
[nerdlab.be/data/images/_900xAUTO_crop_center-center_90_none/10205/IMG_0463.jpg]
[nerdlab.be/mutation/nieuws/man-machine-logos-robot-orchestra-mutation-festival.html]
[nerdlab.be/data/images/_100xAUTO_crop_center-center_90_none/DAAN-ROOSEGAARDE-15-BY-REBECCA-MELL.jpg]
[nerdlab.be/data/images/_900xAUTO_crop_center-center_90_none/DAAN-ROOSEGAARDE-15-BY-REBECCA-MELL.jpg]
[nerdlab.be/mutation/nieuws/daan-roosegaarde-mutation-2019.html]
[nerdlab.be/data/images/_100xAUTO_crop_center-center_90_none/bring-your-beamer.gif]
[nerdlab.be/data/images/_900xAUTO_crop_center-center_90_none/bring-your-beamer.gif]
[nerdlab.be/mutation/nieuws/bring-your-own-beamer-1.html]
[nerdlab.be/mutation/nieuws.html]
[nerdlab.be/data/images/_1200x630_crop_center-center_none/Screenshot-2019-10-25-at-09.32.09.png]
[nerdlab.be/data/images/_1200x600_crop_center-center_none/Screenshot-2019-10-25-at-09.32.09.png]
[nerdlab.be/mutation/mutation/programma]
[nerdlab.be/mutation/programma.html]
[nerdlab.be/data/images/_1200x630_crop_center-center_none/machien-1.jpg]
[nerdlab.be/data/images/_1200x600_crop_center-center_none/machien-1.jpg]
[nerdlab.be/mutation/mutation/nieuws/praktisch]
[nerdlab.be/data/images/_100x100_crop_center-center_90_none/mutation-square.jpg]
[nerdlab.be/data/images/_100x100_crop_center-center_90_none/mutation-square2.jpg]
[nerdlab.be/mutation/nieuws/praktisch.html]
[nerdlab.be/mutation/mutation/nieuws/gratis-feest-en-expo]
[nerdlab.be/data/images/_100x100_crop_center-center_90_none/Twitterpoezie_vierkant.jpg]
[nerdlab.be/data/images/_100x100_crop_center-center_90_none/algorave_191119_204220.jpg]
[nerdlab.be/data/images/_100x100_crop_center-center_90_none/vr-experience.jpg]
[nerdlab.be/data/images/_100x100_crop_center-center_90_none/Folder-stadsexpo_final_Page_1.jpg]
[nerdlab.be/data/images/_100x100_crop_center-center_90_none/soundlab.jpg]
[nerdlab.be/data/images/_100x100_crop_center-center_90_none/byob_191120_081344.jpg]
[nerdlab.be/mutation/nieuws/gratis-feest-en-expo.html]
[nerdlab.be/mutation/mutation/nieuws.html]
[nerdlab.be/mutation/mutation/nieuws/digitaal-aanbod]
[nerdlab.be/mutation/nieuws/digitaal-aanbod.html]
[nerdlab.be/mutation/mutation/nieuws/talk-tim-verheyden]
[nerdlab.be/mutation/nieuws/talk-tim-verheyden.html]
[nerdlab.be/data/images/_1200x630_crop_center-center_none/17312/pr-013.jpg]
[nerdlab.be/data/images/_1200x600_crop_center-center_none/17312/pr-013.jpg]
[nerdlab.be/mutation/mutation/nieuws/glimps-nl]
[nerdlab.be/data/images/_100x100_crop_center-center_90_none/17312/pr-013.jpg]
[nerdlab.be/data/images/_100x100_crop_center-center_90_none/fl2.jpg]
[nerdlab.be/data/images/_100x100_crop_center-center_90_none/1b.jpg]
[nerdlab.be/mutation/nieuws/glimps-nl.html]
[nerdlab.be/mutation/mutation/nieuws/stadsexpo-nl]
[nerdlab.be/data/images/_100x100_crop_center-center_90_none/De-presentatie-van-een-foto-of-het-apparaat-2-2018-1-1170x785.jpg]
[nerdlab.be/data/images/_100x100_crop_center-center_90_none/cedric-van-laere-FLW-M3-surveillance-camera.jpg]
[nerdlab.be/data/images/_100x100_crop_center-center_90_none/guy-slabbinck-1.png]
[nerdlab.be/mutation/nieuws/stadsexpo-nl.html]
[nerdlab.be/mutation/mutation/nieuws/boottrip-captain-einstein-nl]
[nerdlab.be/mutation/nieuws/boottrip-captain-einstein-nl.html]
[nerdlab.be/data/images/_100xAUTO_crop_center-center_90_none/screenshot4.png]
[nerdlab.be/mutation/mutation/nieuws/letterpress-nl]
[nerdlab.be/mutation/nieuws/letterpress-nl.html]
[nerdlab.be/data/images/_100xAUTO_crop_center-center_90_none/20180929_AV_Industriemuseum-Industriefestival-c-Corlazzzoli-43.jpg]
[nerdlab.be/mutation/mutation/nieuws/wearable-nl]
[nerdlab.be/mutation/nieuws/wearable-nl.html]
[nerdlab.be/data/images/_100xAUTO_crop_center-center_90_none/wearable-face-projector2.png]
[nerdlab.be/mutation/mutation/nieuws/vr-in-de-cultuur]
[nerdlab.be/data/images/_100xAUTO_crop_center-center_90_none/VR-lucas.jpg]
[nerdlab.be/mutation/nieuws/vr-in-de-cultuur.html]
[nerdlab.be/data/images/_1200x630_crop_center-center_none/13206/Medialab-Muntpunt-Sessie-1.jpg]
[nerdlab.be/data/images/_1200x600_crop_center-center_none/13206/Medialab-Muntpunt-Sessie-1.jpg]
[nerdlab.be/mutation/mutation/nieuws/inspiratiesessie-nieuwe-maakplekken-nl.7d.delayed]
[nerdlab.be/mutation/nieuws/inspiratiesessie-nieuwe-maakplekken-nl.html]
[nerdlab.be/data/images/_1200x630_crop_center-center_none/download.jpg]
[nerdlab.be/data/images/_1200x600_crop_center-center_none/download.jpg]
[nerdlab.be/mutation/mutation/nieuws/talk-educatie-participatie-nerdlab-nl]
[nerdlab.be/mutation/nieuws/talk-educatie-participatie-nerdlab-nl.html]
[nerdlab.be/data/images/_1200x630_crop_center-center_none/mutation-posters-01.png]
[nerdlab.be/data/images/_1200x600_crop_center-center_none/mutation-posters-01.png]
[nerdlab.be/mutation/mutation/nieuws/wie-wat-waar-nl]
[nerdlab.be/data/images/_100xAUTO_crop_center-center_90_none/mutation-posters-01.png]
[nerdlab.be/mutation/nieuws/wie-wat-waar-nl.html]
[nerdlab.be/data/images/_1200x630_crop_center-center_none/Hacktivate-the-City-Gluon-Sessie-3.jpg]
[nerdlab.be/data/images/_1200x600_crop_center-center_none/Hacktivate-the-City-Gluon-Sessie-3.jpg]
[nerdlab.be/mutation/mutation/nieuws/talk-co-creatie-en-activisme-talk-nl]
[nerdlab.be/mutation/nieuws/talk-co-creatie-en-activisme-talk-nl.html]
[nerdlab.be/mutation/mutation/nieuws/tools-for-things-and-ideas]
[nerdlab.be/mutation/nieuws/tools-for-things-and-ideas.html]
[nerdlab.be/mutation/mutation/nieuws/spaced-nl]
[nerdlab.be/data/images/_100x100_crop_center-center_90_none/12643/DSC_0360.jpg]
[nerdlab.be/data/images/_100x100_crop_center-center_90_none/PYRAMIDE.jpg]
[nerdlab.be/mutation/nieuws/spaced-nl.html]
[nerdlab.be/mutation/mutation/nieuws/playfield-nl]
[nerdlab.be/data/images/_100xAUTO_crop_center-center_90_none/playfield-c-Michiel-Devijver-1.jpg]
[nerdlab.be/mutation/nieuws/playfield-nl.html]
[nerdlab.be/mutation/mutation/nieuws/workshop-deep-space-nl]
[nerdlab.be/data/images/_100xAUTO_crop_center-center_90_none/Workshop_ValeryVermeulenNL_Mutation2019.jpg]
[nerdlab.be/mutation/nieuws/workshop-deep-space-nl.html]
[nerdlab.be/data/images/_1200x630_crop_center-center_none/SannedeMuelenaere_JasnaRok-8_191010_100742.jpg]
[nerdlab.be/data/images/_1200x600_crop_center-center_none/SannedeMuelenaere_JasnaRok-8_191010_100742.jpg]
[nerdlab.be/mutation/mutation/nieuws/jasna-rok-nl]
[nerdlab.be/mutation/nieuws/jasna-rok-nl.html]
[nerdlab.be/data/images/_100xAUTO_crop_center-center_90_none/SannedeMuelenaere_JasnaRok-8_191010_100742.jpg]
[nerdlab.be/mutation/en/index.html]
[nerdlab.be/mutation/mutation/nieuws/talk-young-talent-seks-mag]
[nerdlab.be/mutation/nieuws/talk-young-talent-seks-mag.html]
[nerdlab.be/data/images/_100xAUTO_crop_center-center_90_none/promo.jpg]
[nerdlab.be/mutation/mutation/nieuws/polymorf]
[nerdlab.be/mutation/nieuws/polymorf.html]
[nerdlab.be/mutation/mutation/nieuws/tweede-spreker-dries-depoorter]
[nerdlab.be/mutation/nieuws/tweede-spreker-dries-depoorter.html]
[nerdlab.be/mutation/mutation/nieuws/man-machine-logos-robot-orchestra-mutation-festival]
[nerdlab.be/data/images/_100xAUTO_crop_center-center_90_none/Logos.jpg]
[nerdlab.be/mutation/nieuws/man-machine-logos-robot-orchestra-mutation-festival.html]
[nerdlab.be/data/images/_1200x630_crop_center-center_none/DAAN-ROOSEGAARDE-15-BY-REBECCA-MELL.jpg]
[nerdlab.be/data/images/_1200x600_crop_center-center_none/DAAN-ROOSEGAARDE-15-BY-REBECCA-MELL.jpg]
[nerdlab.be/mutation/mutation/nieuws/daan-roosegaarde-mutation-2019]
[nerdlab.be/mutation/nieuws/daan-roosegaarde-mutation-2019.html]
[nerdlab.be/mutation/mutation/nieuws/bring-your-own-beamer-1]
[nerdlab.be/mutation/nieuws/bring-your-own-beamer-1.html]
[nerdlab.be/mutation/mutation/programma.html]
[nerdlab.be/mutation/mutation/nieuws/praktisch.html]
[nerdlab.be/mutation/mutation/nieuws/gratis-feest-en-expo.html]
[nerdlab.be/mutation/mutation/nieuws/digitaal-aanbod.html]
[nerdlab.be/mutation/mutation/nieuws/talk-tim-verheyden.html]
[nerdlab.be/mutation/mutation/nieuws/glimps-nl.html]
[nerdlab.be/mutation/mutation/nieuws/stadsexpo-nl.html]
[nerdlab.be/mutation/mutation/nieuws/boottrip-captain-einstein-nl.html]
[nerdlab.be/mutation/mutation/nieuws/letterpress-nl.html]
[nerdlab.be/mutation/mutation/nieuws/wearable-nl.html]
[nerdlab.be/mutation/mutation/nieuws/vr-in-de-cultuur.html]
[nerdlab.be/mutation/mutation/nieuws/inspiratiesessie-nieuwe-maakplekken-nl.html]
[nerdlab.be/mutation/mutation/nieuws/talk-educatie-participatie-nerdlab-nl.html]
[nerdlab.be/mutation/mutation/nieuws/wie-wat-waar-nl.html]
[nerdlab.be/mutation/mutation/nieuws/talk-co-creatie-en-activisme-talk-nl.html]
[nerdlab.be/mutation/mutation/nieuws/tools-for-things-and-ideas.html]
[nerdlab.be/mutation/mutation/nieuws/spaced-nl.html]
[nerdlab.be/mutation/mutation/nieuws/playfield-nl.html]
[nerdlab.be/mutation/mutation/nieuws/workshop-deep-space-nl.html]
[nerdlab.be/mutation/mutation/nieuws/jasna-rok-nl.html]
[nerdlab.be/mutation/en/index.html]
[nerdlab.be/mutation/mutation/nieuws/talk-young-talent-seks-mag.html]
[nerdlab.be/mutation/mutation/nieuws/polymorf.html]
[nerdlab.be/mutation/mutation/nieuws/tweede-spreker-dries-depoorter.html]
[nerdlab.be/mutation/mutation/nieuws/man-machine-logos-robot-orchestra-mutation-festival.html]
[nerdlab.be/mutation/mutation/nieuws/daan-roosegaarde-mutation-2019.html]
[nerdlab.be/mutation/mutation/nieuws/bring-your-own-beamer-1.html]
